<?xml version="1.0" encoding="UTF-8"?>
<robot generator="Robot 3.2.2 (Python 3.8.5 on win32)" generated="20200924 12:53:40.144" rpa="false">
<suite id="s1" name="Appointment-System" source="C:\Users\jeffc\Desktop\Appointment-System">
<suite id="s1-s1" name="Tests" source="C:\Users\jeffc\Desktop\Appointment-System\tests">
<suite id="s1-s1-s1" name="Automation" source="C:\Users\jeffc\Desktop\Appointment-System\tests\automation">
<suite id="s1-s1-s1-s1" name="Admin" source="C:\Users\jeffc\Desktop\Appointment-System\tests\automation\admin">
<suite id="s1-s1-s1-s1-s1" name="Admin Activeinactive" source="C:\Users\jeffc\Desktop\Appointment-System\tests\automation\admin\admin_activeinactive.robot">
<kw name="Open Browser To Login Page Slow" library="login_resource" type="setup">
<kw name="Evaluate" library="BuiltIn">
<doc>Evaluates the given expression in Python and returns the result.</doc>
<arguments>
<arg>sys.modules['selenium.webdriver'].ChromeOptions()</arg>
<arg>sys</arg>
</arguments>
<assign>
<var>${chrome_options}</var>
</assign>
<msg timestamp="20200924 12:53:40.348" level="INFO">${chrome_options} = &lt;selenium.webdriver.chrome.options.Options object at 0x0000019F6CCBAD30&gt;</msg>
<status status="PASS" starttime="20200924 12:53:40.348" endtime="20200924 12:53:40.348"></status>
</kw>
<kw name="Call Method" library="BuiltIn">
<doc>Calls the named method of the given object with the provided arguments.</doc>
<arguments>
<arg>${chrome_options}</arg>
<arg>add_argument</arg>
<arg>test-type</arg>
</arguments>
<status status="PASS" starttime="20200924 12:53:40.348" endtime="20200924 12:53:40.349"></status>
</kw>
<kw name="Call Method" library="BuiltIn">
<doc>Calls the named method of the given object with the provided arguments.</doc>
<arguments>
<arg>${chrome_options}</arg>
<arg>add_argument</arg>
<arg>--disable-extensions</arg>
</arguments>
<status status="PASS" starttime="20200924 12:53:40.349" endtime="20200924 12:53:40.349"></status>
</kw>
<kw name="Call Method" library="BuiltIn">
<doc>Calls the named method of the given object with the provided arguments.</doc>
<arguments>
<arg>${chrome_options}</arg>
<arg>add_argument</arg>
<arg>--headless</arg>
</arguments>
<status status="PASS" starttime="20200924 12:53:40.349" endtime="20200924 12:53:40.349"></status>
</kw>
<kw name="Call Method" library="BuiltIn">
<doc>Calls the named method of the given object with the provided arguments.</doc>
<arguments>
<arg>${chrome_options}</arg>
<arg>add_argument</arg>
<arg>--disable-gpu</arg>
</arguments>
<status status="PASS" starttime="20200924 12:53:40.349" endtime="20200924 12:53:40.349"></status>
</kw>
<kw name="Call Method" library="BuiltIn">
<doc>Calls the named method of the given object with the provided arguments.</doc>
<arguments>
<arg>${chrome_options}</arg>
<arg>add_argument</arg>
<arg>--no-sandbox</arg>
</arguments>
<status status="PASS" starttime="20200924 12:53:40.349" endtime="20200924 12:53:40.349"></status>
</kw>
<kw name="Create Webdriver" library="SeleniumLibrary">
<doc>Creates an instance of Selenium WebDriver.</doc>
<arguments>
<arg>Chrome</arg>
<arg>chrome_options=${chrome_options}</arg>
</arguments>
<msg timestamp="20200924 12:53:40.350" level="INFO">Creating an instance of the Chrome WebDriver.</msg>
<status status="PASS" starttime="20200924 12:53:40.350" endtime="20200924 12:53:43.490"></status>
</kw>
<kw name="Open Browser" library="SeleniumLibrary">
<doc>Opens a new browser instance to the optional ``url``.</doc>
<arguments>
<arg>${LOGIN URL}</arg>
<arg>${BROWSER}</arg>
</arguments>
<msg timestamp="20200924 12:53:43.491" level="INFO">Opening browser 'Chrome' to base url 'http://localhost:3000/login'.</msg>
<status status="PASS" starttime="20200924 12:53:43.490" endtime="20200924 12:53:47.162"></status>
</kw>
<kw name="Maximize Browser Window" library="SeleniumLibrary">
<doc>Maximizes current browser window.</doc>
<status status="PASS" starttime="20200924 12:53:47.162" endtime="20200924 12:53:49.349"></status>
</kw>
<kw name="Set Selenium Speed" library="SeleniumLibrary">
<doc>Sets the delay that is waited after each Selenium command.</doc>
<arguments>
<arg>${DELAY}</arg>
</arguments>
<status status="PASS" starttime="20200924 12:53:49.349" endtime="20200924 12:53:49.350"></status>
</kw>
<kw name="Login Page Should Be Open" library="login_resource">
<kw name="Location Should Be" library="SeleniumLibrary">
<doc>Verifies that the current URL is exactly ``url``.</doc>
<arguments>
<arg>${LOGIN URL}</arg>
</arguments>
<msg timestamp="20200924 12:53:49.566" level="INFO">Current location is 'http://localhost:3000/login'.</msg>
<status status="PASS" starttime="20200924 12:53:49.350" endtime="20200924 12:53:49.566"></status>
</kw>
<kw name="Title Should Be" library="SeleniumLibrary">
<doc>Verifies that the current page title equals ``title``.</doc>
<arguments>
<arg>Access Dental Clinic | Login</arg>
</arguments>
<msg timestamp="20200924 12:53:49.787" level="INFO">Page title is 'Access Dental Clinic | Login'.</msg>
<status status="PASS" starttime="20200924 12:53:49.566" endtime="20200924 12:53:49.787"></status>
</kw>
<status status="PASS" starttime="20200924 12:53:49.350" endtime="20200924 12:53:49.787"></status>
</kw>
<status status="PASS" starttime="20200924 12:53:40.348" endtime="20200924 12:53:49.788"></status>
</kw>
<test id="s1-s1-s1-s1-s1-t1" name="Inactive Dentist">
<kw name="Input Username" library="login_resource">
<arguments>
<arg>${VALID ADMIN}</arg>
</arguments>
<kw name="Input Text" library="SeleniumLibrary">
<doc>Types the given ``text`` into the text field identified by ``locator``.</doc>
<arguments>
<arg>username</arg>
<arg>${username}</arg>
</arguments>
<msg timestamp="20200924 12:53:49.790" level="INFO">Typing text 'admin' into text field 'username'.</msg>
<status status="PASS" starttime="20200924 12:53:49.790" endtime="20200924 12:53:50.498"></status>
</kw>
<status status="PASS" starttime="20200924 12:53:49.789" endtime="20200924 12:53:50.498"></status>
</kw>
<kw name="Input Password" library="login_resource">
<arguments>
<arg>${VALID PASSWORD}</arg>
</arguments>
<kw name="Input Text" library="SeleniumLibrary">
<doc>Types the given ``text`` into the text field identified by ``locator``.</doc>
<arguments>
<arg>password</arg>
<arg>${password}</arg>
</arguments>
<msg timestamp="20200924 12:53:50.499" level="INFO">Typing text '1234567890' into text field 'password'.</msg>
<status status="PASS" starttime="20200924 12:53:50.499" endtime="20200924 12:53:51.203"></status>
</kw>
<status status="PASS" starttime="20200924 12:53:50.499" endtime="20200924 12:53:51.203"></status>
</kw>
<kw name="Submit Credentials" library="login_resource">
<kw name="Click Button" library="SeleniumLibrary">
<doc>Clicks the button identified by ``locator``.</doc>
<arguments>
<arg>submit</arg>
</arguments>
<msg timestamp="20200924 12:53:51.204" level="INFO">Clicking button 'submit'.</msg>
<status status="PASS" starttime="20200924 12:53:51.204" endtime="20200924 12:53:52.088"></status>
</kw>
<status status="PASS" starttime="20200924 12:53:51.203" endtime="20200924 12:53:52.088"></status>
</kw>
<kw name="Set Dentist Inactive">
<kw name="Sleep" library="BuiltIn">
<doc>Pauses the test executed for the given time.</doc>
<arguments>
<arg>1</arg>
</arguments>
<msg timestamp="20200924 12:53:53.097" level="INFO">Slept 1 second</msg>
<status status="PASS" starttime="20200924 12:53:52.088" endtime="20200924 12:53:53.097"></status>
</kw>
<kw name="Click Element" library="SeleniumLibrary">
<doc>Click the element identified by ``locator``.</doc>
<arguments>
<arg>Daisy-Buchanan-active</arg>
</arguments>
<msg timestamp="20200924 12:53:53.097" level="INFO">Clicking element 'Daisy-Buchanan-active'.</msg>
<status status="PASS" starttime="20200924 12:53:53.097" endtime="20200924 12:53:53.567"></status>
</kw>
<kw name="Element Text Should Be" library="SeleniumLibrary">
<doc>Verifies that element ``locator`` contains exact the text ``expected``.</doc>
<arguments>
<arg>Daisy-Buchanan-active</arg>
<arg>Inactive</arg>
</arguments>
<msg timestamp="20200924 12:53:53.568" level="INFO">Verifying element 'Daisy-Buchanan-active' contains exact text 'Inactive'.</msg>
<status status="PASS" starttime="20200924 12:53:53.567" endtime="20200924 12:53:53.999"></status>
</kw>
<status status="PASS" starttime="20200924 12:53:52.088" endtime="20200924 12:53:54.000"></status>
</kw>
<kw name="Logout Page" library="login_resource">
<kw name="Click Element" library="SeleniumLibrary">
<doc>Click the element identified by ``locator``.</doc>
<arguments>
<arg>logoutButton</arg>
</arguments>
<msg timestamp="20200924 12:53:54.001" level="INFO">Clicking element 'logoutButton'.</msg>
<status status="PASS" starttime="20200924 12:53:54.001" endtime="20200924 12:53:54.666"></status>
</kw>
<status status="PASS" starttime="20200924 12:53:54.000" endtime="20200924 12:53:54.666"></status>
</kw>
<status status="PASS" starttime="20200924 12:53:49.788" endtime="20200924 12:53:54.666" critical="yes"></status>
</test>
<test id="s1-s1-s1-s1-s1-t2" name="Inactive Dentist Should Not Be Accessible">
<kw name="Dentist Should Not Be Able To Login">
<kw name="Input Username" library="login_resource">
<arguments>
<arg>bchanan</arg>
</arguments>
<kw name="Input Text" library="SeleniumLibrary">
<doc>Types the given ``text`` into the text field identified by ``locator``.</doc>
<arguments>
<arg>username</arg>
<arg>${username}</arg>
</arguments>
<msg timestamp="20200924 12:53:54.669" level="INFO">Typing text 'bchanan' into text field 'username'.</msg>
<status status="PASS" starttime="20200924 12:53:54.669" endtime="20200924 12:53:55.365"></status>
</kw>
<status status="PASS" starttime="20200924 12:53:54.669" endtime="20200924 12:53:55.366"></status>
</kw>
<kw name="Input Password" library="login_resource">
<arguments>
<arg>${VALID PASSWORD}</arg>
</arguments>
<kw name="Input Text" library="SeleniumLibrary">
<doc>Types the given ``text`` into the text field identified by ``locator``.</doc>
<arguments>
<arg>password</arg>
<arg>${password}</arg>
</arguments>
<msg timestamp="20200924 12:53:55.366" level="INFO">Typing text '1234567890' into text field 'password'.</msg>
<status status="PASS" starttime="20200924 12:53:55.366" endtime="20200924 12:53:56.064"></status>
</kw>
<status status="PASS" starttime="20200924 12:53:55.366" endtime="20200924 12:53:56.064"></status>
</kw>
<kw name="Submit Credentials" library="login_resource">
<kw name="Click Button" library="SeleniumLibrary">
<doc>Clicks the button identified by ``locator``.</doc>
<arguments>
<arg>submit</arg>
</arguments>
<msg timestamp="20200924 12:53:56.064" level="INFO">Clicking button 'submit'.</msg>
<status status="PASS" starttime="20200924 12:53:56.064" endtime="20200924 12:53:56.951"></status>
</kw>
<status status="PASS" starttime="20200924 12:53:56.064" endtime="20200924 12:53:56.951"></status>
</kw>
<kw name="Page Should Contain" library="SeleniumLibrary">
<doc>Verifies that current page contains ``text``.</doc>
<arguments>
<arg>Invalid username</arg>
</arguments>
<msg timestamp="20200924 12:53:57.383" level="INFO">Current page contains text 'Invalid username'.</msg>
<status status="PASS" starttime="20200924 12:53:56.951" endtime="20200924 12:53:57.383"></status>
</kw>
<status status="PASS" starttime="20200924 12:53:54.668" endtime="20200924 12:53:57.383"></status>
</kw>
<kw name="Dentist Should Be Unavailable in Creating Appointments">
<kw name="Input Username" library="login_resource">
<arguments>
<arg>${VALID SECRETARY}</arg>
</arguments>
<kw name="Input Text" library="SeleniumLibrary">
<doc>Types the given ``text`` into the text field identified by ``locator``.</doc>
<arguments>
<arg>username</arg>
<arg>${username}</arg>
</arguments>
<msg timestamp="20200924 12:53:57.385" level="INFO">Typing text 'secretary' into text field 'username'.</msg>
<status status="PASS" starttime="20200924 12:53:57.384" endtime="20200924 12:53:58.069"></status>
</kw>
<status status="PASS" starttime="20200924 12:53:57.384" endtime="20200924 12:53:58.069"></status>
</kw>
<kw name="Input Password" library="login_resource">
<arguments>
<arg>${VALID PASSWORD}</arg>
</arguments>
<kw name="Input Text" library="SeleniumLibrary">
<doc>Types the given ``text`` into the text field identified by ``locator``.</doc>
<arguments>
<arg>password</arg>
<arg>${password}</arg>
</arguments>
<msg timestamp="20200924 12:53:58.070" level="INFO">Typing text '1234567890' into text field 'password'.</msg>
<status status="PASS" starttime="20200924 12:53:58.069" endtime="20200924 12:53:58.755"></status>
</kw>
<status status="PASS" starttime="20200924 12:53:58.069" endtime="20200924 12:53:58.755"></status>
</kw>
<kw name="Submit Credentials" library="login_resource">
<kw name="Click Button" library="SeleniumLibrary">
<doc>Clicks the button identified by ``locator``.</doc>
<arguments>
<arg>submit</arg>
</arguments>
<msg timestamp="20200924 12:53:58.756" level="INFO">Clicking button 'submit'.</msg>
<status status="PASS" starttime="20200924 12:53:58.756" endtime="20200924 12:53:59.642"></status>
</kw>
<status status="PASS" starttime="20200924 12:53:58.755" endtime="20200924 12:53:59.642"></status>
</kw>
<kw name="Set Selenium Speed" library="SeleniumLibrary">
<doc>Sets the delay that is waited after each Selenium command.</doc>
<arguments>
<arg>0.5</arg>
</arguments>
<status status="PASS" starttime="20200924 12:53:59.642" endtime="20200924 12:53:59.643"></status>
</kw>
<kw name="Sleep" library="BuiltIn">
<doc>Pauses the test executed for the given time.</doc>
<arguments>
<arg>1</arg>
</arguments>
<msg timestamp="20200924 12:54:00.651" level="INFO">Slept 1 second</msg>
<status status="PASS" starttime="20200924 12:53:59.643" endtime="20200924 12:54:00.651"></status>
</kw>
<kw name="Click Element" library="SeleniumLibrary">
<doc>Click the element identified by ``locator``.</doc>
<arguments>
<arg>add-button</arg>
</arguments>
<msg timestamp="20200924 12:54:00.651" level="INFO">Clicking element 'add-button'.</msg>
<status status="PASS" starttime="20200924 12:54:00.651" endtime="20200924 12:54:01.756"></status>
</kw>
<kw name="Sleep" library="BuiltIn">
<doc>Pauses the test executed for the given time.</doc>
<arguments>
<arg>1</arg>
</arguments>
<msg timestamp="20200924 12:54:02.764" level="INFO">Slept 1 second</msg>
<status status="PASS" starttime="20200924 12:54:01.756" endtime="20200924 12:54:02.764"></status>
</kw>
<kw name="Click Element" library="SeleniumLibrary">
<doc>Click the element identified by ``locator``.</doc>
<arguments>
<arg>date-done</arg>
</arguments>
<msg timestamp="20200924 12:54:02.764" level="INFO">Clicking element 'date-done'.</msg>
<status status="PASS" starttime="20200924 12:54:02.764" endtime="20200924 12:54:03.835"></status>
</kw>
<kw name="Sleep" library="BuiltIn">
<doc>Pauses the test executed for the given time.</doc>
<arguments>
<arg>3</arg>
</arguments>
<msg timestamp="20200924 12:54:06.850" level="INFO">Slept 3 seconds</msg>
<status status="PASS" starttime="20200924 12:54:03.835" endtime="20200924 12:54:06.850"></status>
</kw>
<kw name="Press Keys" library="SeleniumLibrary">
<doc>Simulates the user pressing key(s) to an element or on the active browser.</doc>
<arguments>
<arg>None</arg>
<arg>TAB</arg>
</arguments>
<msg timestamp="20200924 12:54:06.850" level="INFO">Sending key(s) ('TAB',) to page.</msg>
<msg timestamp="20200924 12:54:06.851" level="INFO">Pressing special key TAB to browser.</msg>
<msg timestamp="20200924 12:54:06.851" level="INFO">Releasing special key TAB.</msg>
<status status="PASS" starttime="20200924 12:54:06.850" endtime="20200924 12:54:07.363"></status>
</kw>
<kw name="Press Keys" library="SeleniumLibrary">
<doc>Simulates the user pressing key(s) to an element or on the active browser.</doc>
<arguments>
<arg>None</arg>
<arg>TAB</arg>
</arguments>
<msg timestamp="20200924 12:54:07.363" level="INFO">Sending key(s) ('TAB',) to page.</msg>
<msg timestamp="20200924 12:54:07.363" level="INFO">Pressing special key TAB to browser.</msg>
<msg timestamp="20200924 12:54:07.363" level="INFO">Releasing special key TAB.</msg>
<status status="PASS" starttime="20200924 12:54:07.363" endtime="20200924 12:54:07.880"></status>
</kw>
<kw name="Press Keys" library="SeleniumLibrary">
<doc>Simulates the user pressing key(s) to an element or on the active browser.</doc>
<arguments>
<arg>None</arg>
<arg>TAB</arg>
</arguments>
<msg timestamp="20200924 12:54:07.880" level="INFO">Sending key(s) ('TAB',) to page.</msg>
<msg timestamp="20200924 12:54:07.880" level="INFO">Pressing special key TAB to browser.</msg>
<msg timestamp="20200924 12:54:07.880" level="INFO">Releasing special key TAB.</msg>
<status status="PASS" starttime="20200924 12:54:07.880" endtime="20200924 12:54:08.407"></status>
</kw>
<kw name="Page Should Not Contain" library="SeleniumLibrary">
<doc>Verifies the current page does not contain ``text``.</doc>
<arguments>
<arg>Dr. Daisy Buchanan</arg>
</arguments>
<msg timestamp="20200924 12:54:09.949" level="INFO">Current page does not contain text 'Dr. Daisy Buchanan'.</msg>
<status status="PASS" starttime="20200924 12:54:08.407" endtime="20200924 12:54:09.949"></status>
</kw>
<kw name="Press Keys" library="SeleniumLibrary">
<doc>Simulates the user pressing key(s) to an element or on the active browser.</doc>
<arguments>
<arg>None</arg>
<arg>TAB</arg>
</arguments>
<msg timestamp="20200924 12:54:09.950" level="INFO">Sending key(s) ('TAB',) to page.</msg>
<msg timestamp="20200924 12:54:09.950" level="INFO">Pressing special key TAB to browser.</msg>
<msg timestamp="20200924 12:54:09.950" level="INFO">Releasing special key TAB.</msg>
<status status="PASS" starttime="20200924 12:54:09.949" endtime="20200924 12:54:10.480"></status>
</kw>
<kw name="Press Keys" library="SeleniumLibrary">
<doc>Simulates the user pressing key(s) to an element or on the active browser.</doc>
<arguments>
<arg>None</arg>
<arg>TAB</arg>
</arguments>
<msg timestamp="20200924 12:54:10.481" level="INFO">Sending key(s) ('TAB',) to page.</msg>
<msg timestamp="20200924 12:54:10.481" level="INFO">Pressing special key TAB to browser.</msg>
<msg timestamp="20200924 12:54:10.481" level="INFO">Releasing special key TAB.</msg>
<status status="PASS" starttime="20200924 12:54:10.481" endtime="20200924 12:54:10.994"></status>
</kw>
<kw name="Click Element" library="SeleniumLibrary">
<doc>Click the element identified by ``locator``.</doc>
<arguments>
<arg>cancel-appointment</arg>
</arguments>
<msg timestamp="20200924 12:54:10.994" level="INFO">Clicking element 'cancel-appointment'.</msg>
<status status="PASS" starttime="20200924 12:54:10.994" endtime="20200924 12:54:12.051"></status>
</kw>
<kw name="Sleep" library="BuiltIn">
<doc>Pauses the test executed for the given time.</doc>
<arguments>
<arg>1</arg>
</arguments>
<msg timestamp="20200924 12:54:13.060" level="INFO">Slept 1 second</msg>
<status status="PASS" starttime="20200924 12:54:12.051" endtime="20200924 12:54:13.060"></status>
</kw>
<kw name="Click Element" library="SeleniumLibrary">
<doc>Click the element identified by ``locator``.</doc>
<arguments>
<arg>discard</arg>
</arguments>
<msg timestamp="20200924 12:54:13.061" level="INFO">Clicking element 'discard'.</msg>
<status status="PASS" starttime="20200924 12:54:13.060" endtime="20200924 12:54:14.110"></status>
</kw>
<status status="PASS" starttime="20200924 12:53:57.384" endtime="20200924 12:54:14.110"></status>
</kw>
<kw name="Dentist Should Not Appear in Availability Page">
<kw name="Click Element" library="SeleniumLibrary">
<doc>Click the element identified by ``locator``.</doc>
<arguments>
<arg>filter-dropdown</arg>
</arguments>
<msg timestamp="20200924 12:54:14.111" level="INFO">Clicking element 'filter-dropdown'.</msg>
<status status="PASS" starttime="20200924 12:54:14.111" endtime="20200924 12:54:15.179"></status>
</kw>
<kw name="Press Keys" library="SeleniumLibrary">
<doc>Simulates the user pressing key(s) to an element or on the active browser.</doc>
<arguments>
<arg>None</arg>
<arg>ARROW_DOWN</arg>
</arguments>
<msg timestamp="20200924 12:54:15.180" level="INFO">Sending key(s) ('ARROW_DOWN',) to page.</msg>
<msg timestamp="20200924 12:54:15.180" level="INFO">Pressing special key ARROW_DOWN to browser.</msg>
<msg timestamp="20200924 12:54:15.180" level="INFO">Releasing special key ARROW_DOWN.</msg>
<status status="PASS" starttime="20200924 12:54:15.179" endtime="20200924 12:54:15.707"></status>
</kw>
<kw name="Page Should Not Contain" library="SeleniumLibrary">
<doc>Verifies the current page does not contain ``text``.</doc>
<arguments>
<arg>Dr. Daisy Buchanan</arg>
</arguments>
<msg timestamp="20200924 12:54:17.246" level="INFO">Current page does not contain text 'Dr. Daisy Buchanan'.</msg>
<status status="PASS" starttime="20200924 12:54:15.707" endtime="20200924 12:54:17.246"></status>
</kw>
<status status="PASS" starttime="20200924 12:54:14.111" endtime="20200924 12:54:17.247"></status>
</kw>
<kw name="Dentist Should Not Appear in Doctor Dropdown">
<kw name="Press Keys" library="SeleniumLibrary">
<doc>Simulates the user pressing key(s) to an element or on the active browser.</doc>
<arguments>
<arg>None</arg>
<arg>ARROW_DOWN</arg>
</arguments>
<msg timestamp="20200924 12:54:17.248" level="INFO">Sending key(s) ('ARROW_DOWN',) to page.</msg>
<msg timestamp="20200924 12:54:17.248" level="INFO">Pressing special key ARROW_DOWN to browser.</msg>
<msg timestamp="20200924 12:54:17.248" level="INFO">Releasing special key ARROW_DOWN.</msg>
<status status="PASS" starttime="20200924 12:54:17.248" endtime="20200924 12:54:17.773"></status>
</kw>
<kw name="Press Keys" library="SeleniumLibrary">
<doc>Simulates the user pressing key(s) to an element or on the active browser.</doc>
<arguments>
<arg>None</arg>
<arg>ENTER</arg>
</arguments>
<msg timestamp="20200924 12:54:17.774" level="INFO">Sending key(s) ('ENTER',) to page.</msg>
<msg timestamp="20200924 12:54:17.774" level="INFO">Pressing special key ENTER to browser.</msg>
<msg timestamp="20200924 12:54:17.774" level="INFO">Releasing special key ENTER.</msg>
<status status="PASS" starttime="20200924 12:54:17.773" endtime="20200924 12:54:18.301"></status>
</kw>
<kw name="Page Should Not Contain" library="SeleniumLibrary">
<doc>Verifies the current page does not contain ``text``.</doc>
<arguments>
<arg>Dr. Buchanan</arg>
</arguments>
<msg timestamp="20200924 12:54:19.849" level="FAIL">Page should not have contained text 'Dr. Buchanan'.</msg>
<status status="FAIL" starttime="20200924 12:54:18.301" endtime="20200924 12:54:19.849"></status>
</kw>
<status status="FAIL" starttime="20200924 12:54:17.247" endtime="20200924 12:54:19.849"></status>
</kw>
<status status="FAIL" starttime="20200924 12:53:54.668" endtime="20200924 12:54:19.849" critical="yes">Page should not have contained text 'Dr. Buchanan'.</status>
</test>
<test id="s1-s1-s1-s1-s1-t3" name="Active Dentist">
<kw name="Input Username" library="login_resource">
<arguments>
<arg>${VALID ADMIN}</arg>
</arguments>
<kw name="Input Text" library="SeleniumLibrary">
<doc>Types the given ``text`` into the text field identified by ``locator``.</doc>
<arguments>
<arg>username</arg>
<arg>${username}</arg>
</arguments>
<msg timestamp="20200924 12:54:19.852" level="INFO">Typing text 'admin' into text field 'username'.</msg>
<msg timestamp="20200924 12:54:20.377" level="FAIL">Element with locator 'username' not found.</msg>
<status status="FAIL" starttime="20200924 12:54:19.852" endtime="20200924 12:54:20.378"></status>
</kw>
<status status="FAIL" starttime="20200924 12:54:19.852" endtime="20200924 12:54:20.378"></status>
</kw>
<status status="FAIL" starttime="20200924 12:54:19.851" endtime="20200924 12:54:20.378" critical="yes">Element with locator 'username' not found.</status>
</test>
<test id="s1-s1-s1-s1-s1-t4" name="Active Dentist Should Be Accessible">
<kw name="Dentist Should Be Able to Login">
<kw name="Input Username" library="login_resource">
<arguments>
<arg>${VALID DENTIST}</arg>
</arguments>
<kw name="Input Text" library="SeleniumLibrary">
<doc>Types the given ``text`` into the text field identified by ``locator``.</doc>
<arguments>
<arg>username</arg>
<arg>${username}</arg>
</arguments>
<msg timestamp="20200924 12:54:20.382" level="INFO">Typing text 'buchanan' into text field 'username'.</msg>
<msg timestamp="20200924 12:54:20.906" level="FAIL">Element with locator 'username' not found.</msg>
<status status="FAIL" starttime="20200924 12:54:20.382" endtime="20200924 12:54:20.906"></status>
</kw>
<status status="FAIL" starttime="20200924 12:54:20.382" endtime="20200924 12:54:20.906"></status>
</kw>
<status status="FAIL" starttime="20200924 12:54:20.381" endtime="20200924 12:54:20.906"></status>
</kw>
<status status="FAIL" starttime="20200924 12:54:20.381" endtime="20200924 12:54:20.907" critical="yes">Element with locator 'username' not found.</status>
</test>
<test id="s1-s1-s1-s1-s1-t5" name="Revert Dentist To Active">
<kw name="Sleep" library="BuiltIn">
<doc>Pauses the test executed for the given time.</doc>
<arguments>
<arg>1</arg>
</arguments>
<msg timestamp="20200924 12:54:21.914" level="INFO">Slept 1 second</msg>
<status status="PASS" starttime="20200924 12:54:20.910" endtime="20200924 12:54:21.914"></status>
</kw>
<kw name="Logout Page" library="login_resource">
<kw name="Click Element" library="SeleniumLibrary">
<doc>Click the element identified by ``locator``.</doc>
<arguments>
<arg>logoutButton</arg>
</arguments>
<msg timestamp="20200924 12:54:21.915" level="INFO">Clicking element 'logoutButton'.</msg>
<msg timestamp="20200924 12:54:23.460" level="FAIL">ElementClickInterceptedException: Message: element click intercepted: Element &lt;i id="logoutButton" class="large sign out icon link"&gt;&lt;/i&gt; is not clickable at point (1883, 31). Other element would receive the click: &lt;div class="ui active inverted  dimmer" style=""&gt;...&lt;/div&gt;
  (Session info: chrome=85.0.4183.121)
</msg>
<status status="FAIL" starttime="20200924 12:54:21.915" endtime="20200924 12:54:23.460"></status>
</kw>
<status status="FAIL" starttime="20200924 12:54:21.915" endtime="20200924 12:54:23.460"></status>
</kw>
<status status="FAIL" starttime="20200924 12:54:20.909" endtime="20200924 12:54:23.461" critical="yes">ElementClickInterceptedException: Message: element click intercepted: Element &lt;i id="logoutButton" class="large sign out icon link"&gt;&lt;/i&gt; is not clickable at point (1883, 31). Other element would receive the click: &lt;div class="ui active inverted  dimmer" style=""&gt;...&lt;/div&gt;
  (Session info: chrome=85.0.4183.121)
</status>
</test>
<kw name="Close Browser" library="SeleniumLibrary" type="teardown">
<doc>Closes the current browser.</doc>
<msg timestamp="20200924 12:54:26.224" level="ERROR">When closing browser, received exception: Execution terminated by signal</msg>
<status status="FAIL" starttime="20200924 12:54:23.464" endtime="20200924 12:54:26.226">Execution terminated by signal</status>
</kw>
<doc>Suite description</doc>
<status status="FAIL" starttime="20200924 12:53:40.198" endtime="20200924 12:54:26.226">Suite teardown failed:
Execution terminated by signal</status>
</suite>
<suite id="s1-s1-s1-s1-s2" name="Admin Addunavailable Invalid" source="C:\Users\jeffc\Desktop\Appointment-System\tests\automation\admin\admin_addunavailable_invalid.robot">
<test id="s1-s1-s1-s1-s2-t1" name="Invalid Unavailable Date Setup">
<tags>
<tag>robot:exit</tag>
</tags>
<status status="FAIL" starttime="20200924 12:54:26.232" endtime="20200924 12:54:26.233" critical="yes">Test execution stopped due to a fatal error.</status>
</test>
<test id="s1-s1-s1-s1-s2-t2" name="Invalid Unavailable Date">
<tags>
<tag>robot:exit</tag>
</tags>
<status status="FAIL" starttime="20200924 12:54:26.235" endtime="20200924 12:54:26.236" critical="yes">Test execution stopped due to a fatal error.</status>
</test>
<test id="s1-s1-s1-s1-s2-t3" name="Invalid Unavailable Date Teardown">
<tags>
<tag>robot:exit</tag>
</tags>
<status status="FAIL" starttime="20200924 12:54:26.237" endtime="20200924 12:54:26.237" critical="yes">Test execution stopped due to a fatal error.</status>
</test>
<doc>Suite description</doc>
<status status="FAIL" starttime="20200924 12:54:26.230" endtime="20200924 12:54:26.238"></status>
</suite>
<suite id="s1-s1-s1-s1-s3" name="Admin Addunavailable Valid" source="C:\Users\jeffc\Desktop\Appointment-System\tests\automation\admin\admin_addunavailable_valid.robot">
<test id="s1-s1-s1-s1-s3-t1" name="Valid Dentist Unavailable Date">
<tags>
<tag>robot:exit</tag>
</tags>
<status status="FAIL" starttime="20200924 12:54:26.244" endtime="20200924 12:54:26.244" critical="yes">Test execution stopped due to a fatal error.</status>
</test>
<test id="s1-s1-s1-s1-s3-t2" name="Dentist Should Be Unavailable">
<tags>
<tag>robot:exit</tag>
</tags>
<status status="FAIL" starttime="20200924 12:54:26.246" endtime="20200924 12:54:26.246" critical="yes">Test execution stopped due to a fatal error.</status>
</test>
<doc>Suite description</doc>
<status status="FAIL" starttime="20200924 12:54:26.242" endtime="20200924 12:54:26.248"></status>
</suite>
<suite id="s1-s1-s1-s1-s4" name="Admin Createdentist Invalid" source="C:\Users\jeffc\Desktop\Appointment-System\tests\automation\admin\admin_createdentist_invalid.robot">
<test id="s1-s1-s1-s1-s4-t1" name="Invalid Create New Dentist">
<tags>
<tag>robot:exit</tag>
</tags>
<status status="FAIL" starttime="20200924 12:54:26.250" endtime="20200924 12:54:26.250" critical="yes">Test execution stopped due to a fatal error.</status>
</test>
<doc>Suite description</doc>
<status status="FAIL" starttime="20200924 12:54:26.249" endtime="20200924 12:54:26.251"></status>
</suite>
<suite id="s1-s1-s1-s1-s5" name="Admin Createdentist Valid" source="C:\Users\jeffc\Desktop\Appointment-System\tests\automation\admin\admin_createdentist_valid.robot">
<test id="s1-s1-s1-s1-s5-t1" name="Valid Create New Dentist">
<tags>
<tag>robot:exit</tag>
</tags>
<status status="FAIL" starttime="20200924 12:54:26.253" endtime="20200924 12:54:26.254" critical="yes">Test execution stopped due to a fatal error.</status>
</test>
<test id="s1-s1-s1-s1-s5-t2" name="New Dentist Should Exist">
<tags>
<tag>robot:exit</tag>
</tags>
<status status="FAIL" starttime="20200924 12:54:26.257" endtime="20200924 12:54:26.258" critical="yes">Test execution stopped due to a fatal error.</status>
</test>
<doc>Suite description</doc>
<status status="FAIL" starttime="20200924 12:54:26.252" endtime="20200924 12:54:26.259"></status>
</suite>
<suite id="s1-s1-s1-s1-s6" name="Admin Createprocedure Invalid" source="C:\Users\jeffc\Desktop\Appointment-System\tests\automation\admin\admin_createprocedure_invalid.robot">
<test id="s1-s1-s1-s1-s6-t1" name="Invalid Create Duplicate Procedure">
<tags>
<tag>robot:exit</tag>
</tags>
<status status="FAIL" starttime="20200924 12:54:26.261" endtime="20200924 12:54:26.263" critical="yes">Test execution stopped due to a fatal error.</status>
</test>
<test id="s1-s1-s1-s1-s6-t2" name="Invalid Create Procedure Name">
<tags>
<tag>[PROCEDURE]</tag>
<tag>robot:exit</tag>
</tags>
<status status="FAIL" starttime="20200924 12:54:26.264" endtime="20200924 12:54:26.265" critical="yes">Test execution stopped due to a fatal error.</status>
</test>
<doc>Suite description</doc>
<status status="FAIL" starttime="20200924 12:54:26.260" endtime="20200924 12:54:26.266"></status>
</suite>
<suite id="s1-s1-s1-s1-s7" name="Admin Createprocedure Valid" source="C:\Users\jeffc\Desktop\Appointment-System\tests\automation\admin\admin_createprocedure_valid.robot">
<test id="s1-s1-s1-s1-s7-t1" name="Valid Create New Procedure">
<tags>
<tag>robot:exit</tag>
</tags>
<status status="FAIL" starttime="20200924 12:54:26.268" endtime="20200924 12:54:26.269" critical="yes">Test execution stopped due to a fatal error.</status>
</test>
<test id="s1-s1-s1-s1-s7-t2" name="New Procedure Should Exist">
<tags>
<tag>robot:exit</tag>
</tags>
<status status="FAIL" starttime="20200924 12:54:26.269" endtime="20200924 12:54:26.270" critical="yes">Test execution stopped due to a fatal error.</status>
</test>
<doc>Suite description</doc>
<status status="FAIL" starttime="20200924 12:54:26.268" endtime="20200924 12:54:26.270"></status>
</suite>
<suite id="s1-s1-s1-s1-s8" name="Admin Deletedentist" source="C:\Users\jeffc\Desktop\Appointment-System\tests\automation\admin\admin_deletedentist.robot">
<test id="s1-s1-s1-s1-s8-t1" name="Remove Dentist">
<tags>
<tag>robot:exit</tag>
</tags>
<status status="FAIL" starttime="20200924 12:54:26.276" endtime="20200924 12:54:26.276" critical="yes">Test execution stopped due to a fatal error.</status>
</test>
<test id="s1-s1-s1-s1-s8-t2" name="Dentist Should Not Exist">
<tags>
<tag>robot:exit</tag>
</tags>
<status status="FAIL" starttime="20200924 12:54:26.278" endtime="20200924 12:54:26.279" critical="yes">Test execution stopped due to a fatal error.</status>
</test>
<doc>Suite description</doc>
<status status="FAIL" starttime="20200924 12:54:26.274" endtime="20200924 12:54:26.280"></status>
</suite>
<suite id="s1-s1-s1-s1-s9" name="Admin Deleteprocedure" source="C:\Users\jeffc\Desktop\Appointment-System\tests\automation\admin\admin_deleteprocedure.robot">
<test id="s1-s1-s1-s1-s9-t1" name="Remove Procedure">
<tags>
<tag>robot:exit</tag>
</tags>
<status status="FAIL" starttime="20200924 12:54:26.283" endtime="20200924 12:54:26.283" critical="yes">Test execution stopped due to a fatal error.</status>
</test>
<test id="s1-s1-s1-s1-s9-t2" name="Procedure Should Not Exist">
<tags>
<tag>robot:exit</tag>
</tags>
<status status="FAIL" starttime="20200924 12:54:26.285" endtime="20200924 12:54:26.286" critical="yes">Test execution stopped due to a fatal error.</status>
</test>
<doc>Suite description</doc>
<status status="FAIL" starttime="20200924 12:54:26.282" endtime="20200924 12:54:26.287"></status>
</suite>
<suite id="s1-s1-s1-s1-s10" name="Admin Deleteschedule" source="C:\Users\jeffc\Desktop\Appointment-System\tests\automation\admin\admin_deleteschedule.robot">
<test id="s1-s1-s1-s1-s10-t1" name="Delete Schedule">
<tags>
<tag>robot:exit</tag>
</tags>
<status status="FAIL" starttime="20200924 12:54:26.291" endtime="20200924 12:54:26.291" critical="yes">Test execution stopped due to a fatal error.</status>
</test>
<test id="s1-s1-s1-s1-s10-t2" name="Deleted Schedule Should Reflect">
<tags>
<tag>robot:exit</tag>
</tags>
<status status="FAIL" starttime="20200924 12:54:26.292" endtime="20200924 12:54:26.292" critical="yes">Test execution stopped due to a fatal error.</status>
</test>
<doc>Suite description</doc>
<status status="FAIL" starttime="20200924 12:54:26.290" endtime="20200924 12:54:26.293"></status>
</suite>
<suite id="s1-s1-s1-s1-s11" name="Admin Deleteunavailable" source="C:\Users\jeffc\Desktop\Appointment-System\tests\automation\admin\admin_deleteunavailable.robot">
<test id="s1-s1-s1-s1-s11-t1" name="Delete Dentist Unavailable Date">
<tags>
<tag>robot:exit</tag>
</tags>
<status status="FAIL" starttime="20200924 12:54:26.295" endtime="20200924 12:54:26.296" critical="yes">Test execution stopped due to a fatal error.</status>
</test>
<doc>Suite description</doc>
<status status="FAIL" starttime="20200924 12:54:26.294" endtime="20200924 12:54:26.297"></status>
</suite>
<suite id="s1-s1-s1-s1-s12" name="Admin Editdentist Invalid" source="C:\Users\jeffc\Desktop\Appointment-System\tests\automation\admin\admin_editdentist_invalid.robot">
<test id="s1-s1-s1-s1-s12-t1" name="Invalid Edit Dentist">
<tags>
<tag>robot:exit</tag>
</tags>
<status status="FAIL" starttime="20200924 12:54:26.300" endtime="20200924 12:54:26.300" critical="yes">Test execution stopped due to a fatal error.</status>
</test>
<doc>Suite description</doc>
<status status="FAIL" starttime="20200924 12:54:26.299" endtime="20200924 12:54:26.301"></status>
</suite>
<suite id="s1-s1-s1-s1-s13" name="Admin Editdentist Valid" source="C:\Users\jeffc\Desktop\Appointment-System\tests\automation\admin\admin_editdentist_valid.robot">
<test id="s1-s1-s1-s1-s13-t1" name="Valid Edit Dentist">
<tags>
<tag>FIRSTNAME</tag>
<tag>LASTNAME</tag>
<tag>robot:exit</tag>
</tags>
<status status="FAIL" starttime="20200924 12:54:26.306" endtime="20200924 12:54:26.306" critical="yes">Test execution stopped due to a fatal error.</status>
</test>
<test id="s1-s1-s1-s1-s13-t2" name="Edited Dentist Should Be Visible">
<tags>
<tag>robot:exit</tag>
</tags>
<status status="FAIL" starttime="20200924 12:54:26.308" endtime="20200924 12:54:26.308" critical="yes">Test execution stopped due to a fatal error.</status>
</test>
<test id="s1-s1-s1-s1-s13-t3" name="Revert Dentist Changes">
<tags>
<tag>FIRSTNAME</tag>
<tag>LASTNAME</tag>
<tag>robot:exit</tag>
</tags>
<status status="FAIL" starttime="20200924 12:54:26.309" endtime="20200924 12:54:26.309" critical="yes">Test execution stopped due to a fatal error.</status>
</test>
<doc>Suite description</doc>
<status status="FAIL" starttime="20200924 12:54:26.305" endtime="20200924 12:54:26.311"></status>
</suite>
<suite id="s1-s1-s1-s1-s14" name="Admin Editprocedure Invalid" source="C:\Users\jeffc\Desktop\Appointment-System\tests\automation\admin\admin_editprocedure_invalid.robot">
<test id="s1-s1-s1-s1-s14-t1" name="Invalid Create Duplicate Procedure">
<tags>
<tag>robot:exit</tag>
</tags>
<status status="FAIL" starttime="20200924 12:54:26.313" endtime="20200924 12:54:26.314" critical="yes">Test execution stopped due to a fatal error.</status>
</test>
<test id="s1-s1-s1-s1-s14-t2" name="Invalid Create Procedure Name">
<tags>
<tag>[PROCEDURE]</tag>
<tag>robot:exit</tag>
</tags>
<status status="FAIL" starttime="20200924 12:54:26.315" endtime="20200924 12:54:26.315" critical="yes">Test execution stopped due to a fatal error.</status>
</test>
<doc>Suite description</doc>
<status status="FAIL" starttime="20200924 12:54:26.313" endtime="20200924 12:54:26.316"></status>
</suite>
<suite id="s1-s1-s1-s1-s15" name="Admin Editprocedure Valid" source="C:\Users\jeffc\Desktop\Appointment-System\tests\automation\admin\admin_editprocedure_valid.robot">
<test id="s1-s1-s1-s1-s15-t1" name="Valid Edit Procedure">
<tags>
<tag>PROCEDURE</tag>
<tag>robot:exit</tag>
</tags>
<status status="FAIL" starttime="20200924 12:54:26.322" endtime="20200924 12:54:26.323" critical="yes">Test execution stopped due to a fatal error.</status>
</test>
<errors>
<msg timestamp="20200924 12:54:26.224" level="ERROR">When closing browser, received exception: Execution terminated by signal</msg>
<msg timestamp="20200924 12:54:26.326" level="ERROR">Execution stopped by user.</msg>
</errors>
</robot>
